<?xml version="1.0" encoding="utf-8"?>
<!DOCTYPE coverage SYSTEM "http://cobertura.sourceforge.net/xml/coverage-04.dtd">
<coverage line-rate="0.7857142857142857" branch-rate="0.6428571428571429" lines-covered="187" lines-valid="238" branches-covered="18" branches-valid="28" complexity="39" version="0" timestamp="1749892778">
  <sources>
    <source>/home/runner/work/redis-bus/redis-bus/src/GobanSource.Bus.Redis/</source>
  </sources>
  <packages>
    <package name="GobanSource.Bus.Redis" line-rate="0.7857142857142857" branch-rate="0.6428571428571429" complexity="39">
      <classes>
        <class name="GobanSource.Bus.Redis.BaseMessage" filename="/home/runner/work/redis-bus/redis-bus/src/GobanSource.Bus.Redis/BaseMessage.cs" line-rate="1" branch-rate="1" complexity="4">
          <methods>
            <method name="get_MessageId" signature="()" line-rate="1" branch-rate="1" complexity="1">
              <lines>
                <line number="7" hits="28" branch="false" />
              </lines>
            </method>
            <method name="get_AppId" signature="()" line-rate="1" branch-rate="1" complexity="1">
              <lines>
                <line number="8" hits="46" branch="false" />
              </lines>
            </method>
            <method name="get_InstanceId" signature="()" line-rate="1" branch-rate="1" complexity="1">
              <lines>
                <line number="9" hits="39" branch="false" />
              </lines>
            </method>
            <method name="get_Timestamp" signature="()" line-rate="1" branch-rate="1" complexity="1">
              <lines>
                <line number="10" hits="25" branch="false" />
              </lines>
            </method>
          </methods>
          <lines>
            <line number="7" hits="28" branch="false" />
            <line number="8" hits="46" branch="false" />
            <line number="9" hits="39" branch="false" />
            <line number="10" hits="25" branch="false" />
          </lines>
        </class>
        <class name="GobanSource.Bus.Redis.MessageSyncHostedService`1" filename="/home/runner/work/redis-bus/redis-bus/src/GobanSource.Bus.Redis/MessageSyncHostedService.cs" line-rate="0.8727272727272727" branch-rate="0.5" complexity="10">
          <methods>
            <method name="TypedDeserializer" signature="(System.String)" line-rate="0.7857142857142857" branch-rate="0.5" complexity="2">
              <lines>
                <line number="99" hits="4" branch="false" />
                <line number="101" hits="4" branch="false" />
                <line number="102" hits="4" branch="false" />
                <line number="105" hits="4" branch="false" />
                <line number="107" hits="2" branch="true" condition-coverage="50% (1/2)" />
                <line number="108" hits="0" branch="false" />
                <line number="109" hits="0" branch="false" />
                <line number="110" hits="0" branch="false" />
                <line number="113" hits="2" branch="false" />
                <line number="115" hits="2" branch="false" />
                <line number="116" hits="2" branch="false" />
                <line number="117" hits="2" branch="false" />
                <line number="118" hits="2" branch="false" />
                <line number="120" hits="2" branch="false" />
              </lines>
            </method>
            <method name=".ctor" signature="(GobanSource.Bus.Redis.IRedisSyncBus`1&lt;TMessage&gt;,GobanSource.Bus.Redis.IMessageHandler`1&lt;TMessage&gt;,Microsoft.Extensions.Logging.ILogger`1&lt;GobanSource.Bus.Redis.MessageSyncHostedService`1&lt;TMessage&gt;&gt;)" line-rate="1" branch-rate="1" complexity="1">
              <lines>
                <line number="25" hits="8" branch="false" />
                <line number="26" hits="8" branch="false" />
                <line number="27" hits="8" branch="false" />
                <line number="28" hits="8" branch="false" />
                <line number="29" hits="8" branch="false" />
                <line number="30" hits="8" branch="false" />
                <line number="31" hits="8" branch="false" />
                <line number="32" hits="8" branch="false" />
                <line number="33" hits="8" branch="false" />
                <line number="34" hits="8" branch="false" />
              </lines>
            </method>
            <method name="&lt;StartAsync" signature="()" line-rate="1" branch-rate="1" complexity="1">
              <lines>
                <line number="47" hits="3" branch="false" />
              </lines>
            </method>
            <method name="MessageHandler" signature="()" line-rate="0.7333333333333333" branch-rate="0.5" complexity="4">
              <lines>
                <line number="76" hits="3" branch="false" />
                <line number="78" hits="3" branch="true" condition-coverage="50% (2/4)" />
                <line number="79" hits="0" branch="false" />
                <line number="80" hits="0" branch="false" />
                <line number="81" hits="0" branch="false" />
                <line number="82" hits="0" branch="false" />
                <line number="85" hits="3" branch="false" />
                <line number="88" hits="3" branch="false" />
                <line number="89" hits="3" branch="false" />
                <line number="90" hits="2" branch="false" />
                <line number="91" hits="1" branch="false" />
                <line number="92" hits="1" branch="false" />
                <line number="93" hits="1" branch="false" />
                <line number="94" hits="1" branch="false" />
                <line number="95" hits="3" branch="false" />
              </lines>
            </method>
            <method name="StartAsync" signature="()" line-rate="1" branch-rate="1" complexity="1">
              <lines>
                <line number="42" hits="7" branch="false" />
                <line number="43" hits="7" branch="false" />
                <line number="44" hits="7" branch="false" />
                <line number="46" hits="7" branch="false" />
                <line number="47" hits="3" branch="false" />
                <line number="48" hits="11" branch="false" />
                <line number="50" hits="7" branch="false" />
                <line number="51" hits="7" branch="false" />
                <line number="52" hits="7" branch="false" />
              </lines>
            </method>
            <method name="StopAsync" signature="()" line-rate="1" branch-rate="1" complexity="1">
              <lines>
                <line number="60" hits="1" branch="false" />
                <line number="61" hits="1" branch="false" />
                <line number="62" hits="1" branch="false" />
                <line number="64" hits="1" branch="false" />
                <line number="66" hits="1" branch="false" />
                <line number="67" hits="1" branch="false" />
                <line number="68" hits="1" branch="false" />
              </lines>
            </method>
          </methods>
          <lines>
            <line number="25" hits="8" branch="false" />
            <line number="26" hits="8" branch="false" />
            <line number="27" hits="8" branch="false" />
            <line number="28" hits="8" branch="false" />
            <line number="29" hits="8" branch="false" />
            <line number="30" hits="8" branch="false" />
            <line number="31" hits="8" branch="false" />
            <line number="32" hits="8" branch="false" />
            <line number="33" hits="8" branch="false" />
            <line number="34" hits="8" branch="false" />
            <line number="42" hits="7" branch="false" />
            <line number="43" hits="7" branch="false" />
            <line number="44" hits="7" branch="false" />
            <line number="46" hits="7" branch="false" />
            <line number="47" hits="3" branch="false" />
            <line number="48" hits="11" branch="false" />
            <line number="50" hits="7" branch="false" />
            <line number="51" hits="7" branch="false" />
            <line number="52" hits="7" branch="false" />
            <line number="60" hits="1" branch="false" />
            <line number="61" hits="1" branch="false" />
            <line number="62" hits="1" branch="false" />
            <line number="64" hits="1" branch="false" />
            <line number="66" hits="1" branch="false" />
            <line number="67" hits="1" branch="false" />
            <line number="68" hits="1" branch="false" />
            <line number="76" hits="3" branch="false" />
            <line number="78" hits="3" branch="true" condition-coverage="50% (2/4)" />
            <line number="79" hits="0" branch="false" />
            <line number="80" hits="0" branch="false" />
            <line number="81" hits="0" branch="false" />
            <line number="82" hits="0" branch="false" />
            <line number="85" hits="3" branch="false" />
            <line number="88" hits="3" branch="false" />
            <line number="89" hits="3" branch="false" />
            <line number="90" hits="2" branch="false" />
            <line number="91" hits="1" branch="false" />
            <line number="92" hits="1" branch="false" />
            <line number="93" hits="1" branch="false" />
            <line number="94" hits="1" branch="false" />
            <line number="95" hits="3" branch="false" />
            <line number="99" hits="4" branch="false" />
            <line number="101" hits="4" branch="false" />
            <line number="102" hits="4" branch="false" />
            <line number="105" hits="4" branch="false" />
            <line number="107" hits="2" branch="true" condition-coverage="50% (1/2)" />
            <line number="108" hits="0" branch="false" />
            <line number="109" hits="0" branch="false" />
            <line number="110" hits="0" branch="false" />
            <line number="113" hits="2" branch="false" />
            <line number="115" hits="2" branch="false" />
            <line number="116" hits="2" branch="false" />
            <line number="117" hits="2" branch="false" />
            <line number="118" hits="2" branch="false" />
            <line number="120" hits="2" branch="false" />
          </lines>
        </class>
        <class name="GobanSource.Bus.Redis.RedisSyncBus`1" filename="/home/runner/work/redis-bus/redis-bus/src/GobanSource.Bus.Redis/RedisSyncBus.cs" line-rate="0.7541899441340782" branch-rate="0.6818181818181818" complexity="25">
          <methods>
            <method name="GetInstanceId" signature="()" line-rate="1" branch-rate="1" complexity="1">
              <lines>
                <line number="307" hits="3" branch="false" />
              </lines>
            </method>
            <method name=".ctor" signature="(StackExchange.Redis.IConnectionMultiplexer,System.String,System.String,Microsoft.Extensions.Logging.ILogger`1&lt;GobanSource.Bus.Redis.RedisSyncBus`1&lt;TMessage&gt;&gt;,System.Boolean)" line-rate="1" branch-rate="1" complexity="1">
              <lines>
                <line number="60" hits="8" branch="false" />
                <line number="61" hits="8" branch="false" />
                <line number="62" hits="8" branch="false" />
                <line number="63" hits="8" branch="false" />
                <line number="64" hits="8" branch="false" />
                <line number="65" hits="8" branch="false" />
                <line number="66" hits="8" branch="false" />
                <line number="67" hits="8" branch="false" />
                <line number="68" hits="8" branch="false" />
                <line number="69" hits="8" branch="false" />
                <line number="70" hits="8" branch="false" />
                <line number="71" hits="8" branch="false" />
                <line number="72" hits="8" branch="false" />
                <line number="73" hits="8" branch="false" />
                <line number="74" hits="8" branch="false" />
                <line number="75" hits="8" branch="false" />
              </lines>
            </method>
            <method name=".cctor" signature="()" line-rate="1" branch-rate="1" complexity="1">
              <lines>
                <line number="50" hits="1" branch="false" />
              </lines>
            </method>
            <method name="&lt;SubscribeAsync" signature="()" line-rate="0.7407407407407407" branch-rate="0.5714285714285714" complexity="14">
              <lines>
                <line number="167" hits="3" branch="false" />
                <line number="168" hits="3" branch="false" />
                <line number="169" hits="3" branch="false" />
                <line number="170" hits="6" branch="false" />
                <line number="171" hits="6" branch="false" />
                <line number="172" hits="3" branch="false" />
                <line number="173" hits="6" branch="false" />
                <line number="174" hits="3" branch="false" />
                <line number="175" hits="6" branch="false" />
                <line number="176" hits="3" branch="true" condition-coverage="50% (1/2)" />
                <line number="177" hits="3" branch="false" />
                <line number="178" hits="3" branch="false" />
                <line number="179" hits="6" branch="false" />
                <line number="180" hits="6" branch="false" />
                <line number="181" hits="3" branch="true" condition-coverage="50% (2/4)" />
                <line number="182" hits="3" branch="false" />
                <line number="183" hits="0" branch="false" />
                <line number="184" hits="6" branch="false" />
                <line number="185" hits="0" branch="false" />
                <line number="186" hits="0" branch="false" />
                <line number="187" hits="0" branch="false" />
                <line number="188" hits="0" branch="false" />
                <line number="189" hits="0" branch="false" />
                <line number="190" hits="0" branch="false" />
                <line number="191" hits="0" branch="false" />
                <line number="192" hits="0" branch="false" />
                <line number="193" hits="6" branch="false" />
                <line number="194" hits="3" branch="false" />
                <line number="195" hits="6" branch="false" />
                <line number="196" hits="3" branch="false" />
                <line number="197" hits="3" branch="false" />
                <line number="198" hits="3" branch="false" />
                <line number="199" hits="6" branch="false" />
                <line number="200" hits="0" branch="false" />
                <line number="201" hits="0" branch="true" condition-coverage="0% (0/2)" />
                <line number="202" hits="0" branch="false" />
                <line number="203" hits="6" branch="false" />
                <line number="204" hits="3" branch="false" />
                <line number="205" hits="3" branch="false" />
                <line number="206" hits="6" branch="false" />
                <line number="207" hits="3" branch="false" />
                <line number="208" hits="3" branch="true" condition-coverage="50% (1/2)" />
                <line number="209" hits="0" branch="false" />
                <line number="210" hits="0" branch="false" />
                <line number="211" hits="0" branch="false" />
                <line number="212" hits="0" branch="false" />
                <line number="213" hits="6" branch="false" />
                <line number="214" hits="3" branch="false" />
                <line number="215" hits="3" branch="false" />
                <line number="216" hits="6" branch="false" />
                <line number="217" hits="6" branch="false" />
                <line number="218" hits="3" branch="true" condition-coverage="100% (2/2)" />
                <line number="219" hits="1" branch="false" />
                <line number="220" hits="1" branch="false" />
                <line number="221" hits="1" branch="false" />
                <line number="222" hits="1" branch="false" />
                <line number="223" hits="6" branch="false" />
                <line number="224" hits="6" branch="false" />
                <line number="225" hits="6" branch="false" />
                <line number="226" hits="2" branch="true" condition-coverage="100% (2/2)" />
                <line number="227" hits="1" branch="false" />
                <line number="228" hits="1" branch="false" />
                <line number="229" hits="1" branch="false" />
                <line number="230" hits="1" branch="false" />
                <line number="231" hits="1" branch="false" />
                <line number="232" hits="1" branch="false" />
                <line number="233" hits="1" branch="false" />
                <line number="234" hits="1" branch="false" />
                <line number="235" hits="1" branch="false" />
                <line number="236" hits="6" branch="false" />
                <line number="237" hits="1" branch="false" />
                <line number="238" hits="1" branch="false" />
                <line number="239" hits="1" branch="false" />
                <line number="240" hits="1" branch="false" />
                <line number="241" hits="2" branch="false" />
                <line number="242" hits="0" branch="false" />
                <line number="243" hits="0" branch="false" />
                <line number="244" hits="0" branch="false" />
                <line number="245" hits="0" branch="false" />
                <line number="246" hits="0" branch="false" />
                <line number="247" hits="9" branch="false" />
              </lines>
            </method>
            <method name="DisposeAsync" signature="()" line-rate="1" branch-rate="1" complexity="2">
              <lines>
                <line number="293" hits="8" branch="false" />
                <line number="294" hits="8" branch="true" condition-coverage="100% (2/2)" />
                <line number="295" hits="5" branch="false" />
                <line number="296" hits="5" branch="false" />
                <line number="297" hits="5" branch="false" />
                <line number="298" hits="8" branch="false" />
              </lines>
            </method>
            <method name="PublishAsync" signature="()" line-rate="0.6578947368421053" branch-rate="0.5" complexity="2">
              <lines>
                <line number="88" hits="1" branch="false" />
                <line number="89" hits="1" branch="false" />
                <line number="91" hits="1" branch="false" />
                <line number="92" hits="1" branch="false" />
                <line number="93" hits="1" branch="false" />
                <line number="95" hits="1" branch="false" />
                <line number="96" hits="1" branch="false" />
                <line number="97" hits="1" branch="false" />
                <line number="99" hits="1" branch="false" />
                <line number="100" hits="1" branch="false" />
                <line number="101" hits="1" branch="false" />
                <line number="104" hits="1" branch="false" />
                <line number="107" hits="1" branch="true" condition-coverage="50% (1/2)" />
                <line number="108" hits="0" branch="false" />
                <line number="110" hits="0" branch="false" />
                <line number="111" hits="0" branch="false" />
                <line number="112" hits="0" branch="false" />
                <line number="113" hits="0" branch="false" />
                <line number="115" hits="0" branch="false" />
                <line number="116" hits="0" branch="false" />
                <line number="117" hits="0" branch="false" />
                <line number="119" hits="1" branch="false" />
                <line number="121" hits="1" branch="false" />
                <line number="122" hits="1" branch="false" />
                <line number="123" hits="1" branch="false" />
                <line number="124" hits="1" branch="false" />
                <line number="126" hits="1" branch="false" />
                <line number="127" hits="1" branch="false" />
                <line number="128" hits="1" branch="false" />
                <line number="129" hits="1" branch="false" />
                <line number="130" hits="1" branch="false" />
                <line number="131" hits="1" branch="false" />
                <line number="132" hits="0" branch="false" />
                <line number="133" hits="0" branch="false" />
                <line number="134" hits="0" branch="false" />
                <line number="135" hits="0" branch="false" />
                <line number="136" hits="0" branch="false" />
                <line number="138" hits="1" branch="false" />
              </lines>
            </method>
            <method name="SubscribeAsync" signature="()" line-rate="0.7450980392156863" branch-rate="0.625" complexity="2">
              <lines>
                <line number="152" hits="7" branch="false" />
                <line number="153" hits="7" branch="true" condition-coverage="100% (2/2)" />
                <line number="154" hits="1" branch="false" />
                <line number="155" hits="1" branch="false" />
                <line number="158" hits="6" branch="false" />
                <line number="159" hits="6" branch="false" />
                <line number="160" hits="6" branch="false" />
                <line number="163" hits="6" branch="false" />
                <line number="164" hits="6" branch="false" />
                <line number="165" hits="6" branch="false" />
                <line number="166" hits="6" branch="false" />
                <line number="167" hits="3" branch="false" />
                <line number="168" hits="3" branch="false" />
                <line number="169" hits="3" branch="false" />
                <line number="170" hits="6" branch="false" />
                <line number="171" hits="6" branch="false" />
                <line number="172" hits="3" branch="false" />
                <line number="173" hits="6" branch="false" />
                <line number="174" hits="3" branch="false" />
                <line number="175" hits="6" branch="false" />
                <line number="176" hits="3" branch="true" condition-coverage="50% (1/2)" />
                <line number="177" hits="3" branch="false" />
                <line number="178" hits="3" branch="false" />
                <line number="179" hits="6" branch="false" />
                <line number="180" hits="6" branch="false" />
                <line number="181" hits="3" branch="true" condition-coverage="50% (2/4)" />
                <line number="182" hits="3" branch="false" />
                <line number="183" hits="0" branch="false" />
                <line number="184" hits="6" branch="false" />
                <line number="185" hits="0" branch="false" />
                <line number="186" hits="0" branch="false" />
                <line number="187" hits="0" branch="false" />
                <line number="188" hits="0" branch="false" />
                <line number="189" hits="0" branch="false" />
                <line number="190" hits="0" branch="false" />
                <line number="191" hits="0" branch="false" />
                <line number="192" hits="0" branch="false" />
                <line number="193" hits="6" branch="false" />
                <line number="194" hits="3" branch="false" />
                <line number="195" hits="6" branch="false" />
                <line number="196" hits="3" branch="false" />
                <line number="197" hits="3" branch="false" />
                <line number="198" hits="3" branch="false" />
                <line number="199" hits="6" branch="false" />
                <line number="200" hits="0" branch="false" />
                <line number="201" hits="0" branch="true" condition-coverage="0% (0/2)" />
                <line number="202" hits="0" branch="false" />
                <line number="203" hits="6" branch="false" />
                <line number="204" hits="3" branch="false" />
                <line number="205" hits="3" branch="false" />
                <line number="206" hits="6" branch="false" />
                <line number="207" hits="3" branch="false" />
                <line number="208" hits="3" branch="true" condition-coverage="50% (1/2)" />
                <line number="209" hits="0" branch="false" />
                <line number="210" hits="0" branch="false" />
                <line number="211" hits="0" branch="false" />
                <line number="212" hits="0" branch="false" />
                <line number="213" hits="6" branch="false" />
                <line number="214" hits="3" branch="false" />
                <line number="215" hits="3" branch="false" />
                <line number="216" hits="6" branch="false" />
                <line number="217" hits="6" branch="false" />
                <line number="218" hits="3" branch="true" condition-coverage="100% (2/2)" />
                <line number="219" hits="1" branch="false" />
                <line number="220" hits="1" branch="false" />
                <line number="221" hits="1" branch="false" />
                <line number="222" hits="1" branch="false" />
                <line number="223" hits="6" branch="false" />
                <line number="224" hits="6" branch="false" />
                <line number="225" hits="6" branch="false" />
                <line number="226" hits="2" branch="true" condition-coverage="100% (2/2)" />
                <line number="227" hits="1" branch="false" />
                <line number="228" hits="1" branch="false" />
                <line number="229" hits="1" branch="false" />
                <line number="230" hits="1" branch="false" />
                <line number="231" hits="1" branch="false" />
                <line number="232" hits="1" branch="false" />
                <line number="233" hits="1" branch="false" />
                <line number="234" hits="1" branch="false" />
                <line number="235" hits="1" branch="false" />
                <line number="236" hits="6" branch="false" />
                <line number="237" hits="1" branch="false" />
                <line number="238" hits="1" branch="false" />
                <line number="239" hits="1" branch="false" />
                <line number="240" hits="1" branch="false" />
                <line number="241" hits="2" branch="false" />
                <line number="242" hits="0" branch="false" />
                <line number="243" hits="0" branch="false" />
                <line number="244" hits="0" branch="false" />
                <line number="245" hits="0" branch="false" />
                <line number="246" hits="0" branch="false" />
                <line number="247" hits="9" branch="false" />
                <line number="248" hits="6" branch="false" />
                <line number="249" hits="6" branch="false" />
                <line number="250" hits="6" branch="false" />
                <line number="251" hits="6" branch="false" />
                <line number="252" hits="0" branch="false" />
                <line number="253" hits="0" branch="false" />
                <line number="254" hits="0" branch="false" />
                <line number="255" hits="0" branch="false" />
                <line number="256" hits="0" branch="false" />
                <line number="258" hits="6" branch="false" />
              </lines>
            </method>
            <method name="UnsubscribeAsync" signature="()" line-rate="0.6666666666666666" branch-rate="1" complexity="2">
              <lines>
                <line number="268" hits="7" branch="false" />
                <line number="269" hits="7" branch="true" condition-coverage="100% (2/2)" />
                <line number="270" hits="1" branch="false" />
                <line number="271" hits="1" branch="false" />
                <line number="275" hits="6" branch="false" />
                <line number="276" hits="6" branch="false" />
                <line number="277" hits="6" branch="false" />
                <line number="278" hits="6" branch="false" />
                <line number="280" hits="6" branch="false" />
                <line number="281" hits="0" branch="false" />
                <line number="282" hits="0" branch="false" />
                <line number="283" hits="0" branch="false" />
                <line number="284" hits="0" branch="false" />
                <line number="285" hits="0" branch="false" />
                <line number="287" hits="7" branch="false" />
              </lines>
            </method>
          </methods>
          <lines>
            <line number="50" hits="1" branch="false" />
            <line number="60" hits="8" branch="false" />
            <line number="61" hits="8" branch="false" />
            <line number="62" hits="8" branch="false" />
            <line number="63" hits="8" branch="false" />
            <line number="64" hits="8" branch="false" />
            <line number="65" hits="8" branch="false" />
            <line number="66" hits="8" branch="false" />
            <line number="67" hits="8" branch="false" />
            <line number="68" hits="8" branch="false" />
            <line number="69" hits="8" branch="false" />
            <line number="70" hits="8" branch="false" />
            <line number="71" hits="8" branch="false" />
            <line number="72" hits="8" branch="false" />
            <line number="73" hits="8" branch="false" />
            <line number="74" hits="8" branch="false" />
            <line number="75" hits="8" branch="false" />
            <line number="88" hits="1" branch="false" />
            <line number="89" hits="1" branch="false" />
            <line number="91" hits="1" branch="false" />
            <line number="92" hits="1" branch="false" />
            <line number="93" hits="1" branch="false" />
            <line number="95" hits="1" branch="false" />
            <line number="96" hits="1" branch="false" />
            <line number="97" hits="1" branch="false" />
            <line number="99" hits="1" branch="false" />
            <line number="100" hits="1" branch="false" />
            <line number="101" hits="1" branch="false" />
            <line number="104" hits="1" branch="false" />
            <line number="107" hits="1" branch="true" condition-coverage="50% (1/2)" />
            <line number="108" hits="0" branch="false" />
            <line number="110" hits="0" branch="false" />
            <line number="111" hits="0" branch="false" />
            <line number="112" hits="0" branch="false" />
            <line number="113" hits="0" branch="false" />
            <line number="115" hits="0" branch="false" />
            <line number="116" hits="0" branch="false" />
            <line number="117" hits="0" branch="false" />
            <line number="119" hits="1" branch="false" />
            <line number="121" hits="1" branch="false" />
            <line number="122" hits="1" branch="false" />
            <line number="123" hits="1" branch="false" />
            <line number="124" hits="1" branch="false" />
            <line number="126" hits="1" branch="false" />
            <line number="127" hits="1" branch="false" />
            <line number="128" hits="1" branch="false" />
            <line number="129" hits="1" branch="false" />
            <line number="130" hits="1" branch="false" />
            <line number="131" hits="1" branch="false" />
            <line number="132" hits="0" branch="false" />
            <line number="133" hits="0" branch="false" />
            <line number="134" hits="0" branch="false" />
            <line number="135" hits="0" branch="false" />
            <line number="136" hits="0" branch="false" />
            <line number="138" hits="1" branch="false" />
            <line number="152" hits="7" branch="false" />
            <line number="153" hits="7" branch="true" condition-coverage="100% (2/2)" />
            <line number="154" hits="1" branch="false" />
            <line number="155" hits="1" branch="false" />
            <line number="158" hits="6" branch="false" />
            <line number="159" hits="6" branch="false" />
            <line number="160" hits="6" branch="false" />
            <line number="163" hits="6" branch="false" />
            <line number="164" hits="6" branch="false" />
            <line number="165" hits="6" branch="false" />
            <line number="166" hits="6" branch="false" />
            <line number="167" hits="3" branch="false" />
            <line number="168" hits="3" branch="false" />
            <line number="169" hits="3" branch="false" />
            <line number="170" hits="6" branch="false" />
            <line number="171" hits="6" branch="false" />
            <line number="172" hits="3" branch="false" />
            <line number="173" hits="6" branch="false" />
            <line number="174" hits="3" branch="false" />
            <line number="175" hits="6" branch="false" />
            <line number="176" hits="3" branch="true" condition-coverage="50% (1/2)" />
            <line number="177" hits="3" branch="false" />
            <line number="178" hits="3" branch="false" />
            <line number="179" hits="6" branch="false" />
            <line number="180" hits="6" branch="false" />
            <line number="181" hits="3" branch="true" condition-coverage="50% (2/4)" />
            <line number="182" hits="3" branch="false" />
            <line number="183" hits="0" branch="false" />
            <line number="184" hits="6" branch="false" />
            <line number="185" hits="0" branch="false" />
            <line number="186" hits="0" branch="false" />
            <line number="187" hits="0" branch="false" />
            <line number="188" hits="0" branch="false" />
            <line number="189" hits="0" branch="false" />
            <line number="190" hits="0" branch="false" />
            <line number="191" hits="0" branch="false" />
            <line number="192" hits="0" branch="false" />
            <line number="193" hits="6" branch="false" />
            <line number="194" hits="3" branch="false" />
            <line number="195" hits="6" branch="false" />
            <line number="196" hits="3" branch="false" />
            <line number="197" hits="3" branch="false" />
            <line number="198" hits="3" branch="false" />
            <line number="199" hits="6" branch="false" />
            <line number="200" hits="0" branch="false" />
            <line number="201" hits="0" branch="true" condition-coverage="0% (0/2)" />
            <line number="202" hits="0" branch="false" />
            <line number="203" hits="6" branch="false" />
            <line number="204" hits="3" branch="false" />
            <line number="205" hits="3" branch="false" />
            <line number="206" hits="6" branch="false" />
            <line number="207" hits="3" branch="false" />
            <line number="208" hits="3" branch="true" condition-coverage="50% (1/2)" />
            <line number="209" hits="0" branch="false" />
            <line number="210" hits="0" branch="false" />
            <line number="211" hits="0" branch="false" />
            <line number="212" hits="0" branch="false" />
            <line number="213" hits="6" branch="false" />
            <line number="214" hits="3" branch="false" />
            <line number="215" hits="3" branch="false" />
            <line number="216" hits="6" branch="false" />
            <line number="217" hits="6" branch="false" />
            <line number="218" hits="3" branch="true" condition-coverage="100% (2/2)" />
            <line number="219" hits="1" branch="false" />
            <line number="220" hits="1" branch="false" />
            <line number="221" hits="1" branch="false" />
            <line number="222" hits="1" branch="false" />
            <line number="223" hits="6" branch="false" />
            <line number="224" hits="6" branch="false" />
            <line number="225" hits="6" branch="false" />
            <line number="226" hits="2" branch="true" condition-coverage="100% (2/2)" />
            <line number="227" hits="1" branch="false" />
            <line number="228" hits="1" branch="false" />
            <line number="229" hits="1" branch="false" />
            <line number="230" hits="1" branch="false" />
            <line number="231" hits="1" branch="false" />
            <line number="232" hits="1" branch="false" />
            <line number="233" hits="1" branch="false" />
            <line number="234" hits="1" branch="false" />
            <line number="235" hits="1" branch="false" />
            <line number="236" hits="6" branch="false" />
            <line number="237" hits="1" branch="false" />
            <line number="238" hits="1" branch="false" />
            <line number="239" hits="1" branch="false" />
            <line number="240" hits="1" branch="false" />
            <line number="241" hits="2" branch="false" />
            <line number="242" hits="0" branch="false" />
            <line number="243" hits="0" branch="false" />
            <line number="244" hits="0" branch="false" />
            <line number="245" hits="0" branch="false" />
            <line number="246" hits="0" branch="false" />
            <line number="247" hits="9" branch="false" />
            <line number="248" hits="6" branch="false" />
            <line number="249" hits="6" branch="false" />
            <line number="250" hits="6" branch="false" />
            <line number="251" hits="6" branch="false" />
            <line number="252" hits="0" branch="false" />
            <line number="253" hits="0" branch="false" />
            <line number="254" hits="0" branch="false" />
            <line number="255" hits="0" branch="false" />
            <line number="256" hits="0" branch="false" />
            <line number="258" hits="6" branch="false" />
            <line number="268" hits="7" branch="false" />
            <line number="269" hits="7" branch="true" condition-coverage="100% (2/2)" />
            <line number="270" hits="1" branch="false" />
            <line number="271" hits="1" branch="false" />
            <line number="275" hits="6" branch="false" />
            <line number="276" hits="6" branch="false" />
            <line number="277" hits="6" branch="false" />
            <line number="278" hits="6" branch="false" />
            <line number="280" hits="6" branch="false" />
            <line number="281" hits="0" branch="false" />
            <line number="282" hits="0" branch="false" />
            <line number="283" hits="0" branch="false" />
            <line number="284" hits="0" branch="false" />
            <line number="285" hits="0" branch="false" />
            <line number="287" hits="7" branch="false" />
            <line number="293" hits="8" branch="false" />
            <line number="294" hits="8" branch="true" condition-coverage="100% (2/2)" />
            <line number="295" hits="5" branch="false" />
            <line number="296" hits="5" branch="false" />
            <line number="297" hits="5" branch="false" />
            <line number="298" hits="8" branch="false" />
            <line number="307" hits="3" branch="false" />
          </lines>
        </class>
      </classes>
    </package>
  </packages>
</coverage>