<?xml version="1.0" encoding="utf-8"?>
<!DOCTYPE coverage SYSTEM "http://cobertura.sourceforge.net/xml/coverage-04.dtd">
<coverage line-rate="1" branch-rate="1" lines-covered="227" lines-valid="227" branches-covered="20" branches-valid="20" complexity="31" version="0" timestamp="1749918308">
  <sources>
    <source>/home/runner/work/redis-bus/redis-bus/src/GobanSource.Bus.Redis/</source>
  </sources>
  <packages>
    <package name="GobanSource.Bus.Redis" line-rate="1" branch-rate="1" complexity="31">
      <classes>
        <class name="GobanSource.Bus.Redis.BaseMessage" filename="/home/runner/work/redis-bus/redis-bus/src/GobanSource.Bus.Redis/BaseMessage.cs" line-rate="1" branch-rate="1" complexity="4">
          <methods>
            <method name="get_MessageId" signature="()" line-rate="1" branch-rate="1" complexity="1">
              <lines>
                <line number="7" hits="90" branch="false" />
              </lines>
            </method>
            <method name="get_AppId" signature="()" line-rate="1" branch-rate="1" complexity="1">
              <lines>
                <line number="8" hits="179" branch="false" />
              </lines>
            </method>
            <method name="get_InstanceId" signature="()" line-rate="1" branch-rate="1" complexity="1">
              <lines>
                <line number="9" hits="143" branch="false" />
              </lines>
            </method>
            <method name="get_Timestamp" signature="()" line-rate="1" branch-rate="1" complexity="1">
              <lines>
                <line number="10" hits="87" branch="false" />
              </lines>
            </method>
          </methods>
          <lines>
            <line number="7" hits="90" branch="false" />
            <line number="8" hits="179" branch="false" />
            <line number="9" hits="143" branch="false" />
            <line number="10" hits="87" branch="false" />
          </lines>
        </class>
        <class name="GobanSource.Bus.Redis.MessageSyncHostedService`1" filename="/home/runner/work/redis-bus/redis-bus/src/GobanSource.Bus.Redis/MessageSyncHostedService.cs" line-rate="1" branch-rate="1" complexity="6">
          <methods>
            <method name="TypedDeserializer" signature="(System.String)" line-rate="1" branch-rate="1" complexity="2">
              <lines>
                <line number="89" hits="5" branch="false" />
                <line number="91" hits="5" branch="false" />
                <line number="92" hits="5" branch="false" />
                <line number="95" hits="5" branch="false" />
                <line number="97" hits="3" branch="true" condition-coverage="100% (2/2)" />
                <line number="98" hits="1" branch="false" />
                <line number="99" hits="1" branch="false" />
                <line number="100" hits="1" branch="false" />
                <line number="103" hits="2" branch="false" />
                <line number="105" hits="3" branch="false" />
                <line number="106" hits="3" branch="false" />
                <line number="107" hits="3" branch="false" />
                <line number="108" hits="3" branch="false" />
                <line number="110" hits="2" branch="false" />
              </lines>
            </method>
            <method name=".ctor" signature="(GobanSource.Bus.Redis.IRedisSyncBus`1&lt;TMessage&gt;,GobanSource.Bus.Redis.IMessageHandler`1&lt;TMessage&gt;,Microsoft.Extensions.Logging.ILogger`1&lt;GobanSource.Bus.Redis.MessageSyncHostedService`1&lt;TMessage&gt;&gt;)" line-rate="1" branch-rate="1" complexity="1">
              <lines>
                <line number="25" hits="9" branch="false" />
                <line number="26" hits="9" branch="false" />
                <line number="27" hits="9" branch="false" />
                <line number="28" hits="9" branch="false" />
                <line number="29" hits="9" branch="false" />
                <line number="30" hits="9" branch="false" />
                <line number="31" hits="9" branch="false" />
                <line number="32" hits="9" branch="false" />
                <line number="33" hits="9" branch="false" />
                <line number="34" hits="9" branch="false" />
              </lines>
            </method>
            <method name="MessageHandler" signature="()" line-rate="1" branch-rate="1" complexity="1">
              <lines>
                <line number="76" hits="3" branch="false" />
                <line number="78" hits="3" branch="false" />
                <line number="79" hits="3" branch="false" />
                <line number="80" hits="2" branch="false" />
                <line number="81" hits="1" branch="false" />
                <line number="82" hits="1" branch="false" />
                <line number="83" hits="1" branch="false" />
                <line number="84" hits="1" branch="false" />
                <line number="85" hits="3" branch="false" />
              </lines>
            </method>
            <method name="StartAsync" signature="()" line-rate="1" branch-rate="1" complexity="1">
              <lines>
                <line number="42" hits="8" branch="false" />
                <line number="43" hits="8" branch="false" />
                <line number="44" hits="8" branch="false" />
                <line number="46" hits="8" branch="false" />
                <line number="47" hits="8" branch="false" />
                <line number="48" hits="8" branch="false" />
                <line number="50" hits="8" branch="false" />
                <line number="51" hits="8" branch="false" />
                <line number="52" hits="8" branch="false" />
              </lines>
            </method>
            <method name="StopAsync" signature="()" line-rate="1" branch-rate="1" complexity="1">
              <lines>
                <line number="60" hits="1" branch="false" />
                <line number="61" hits="1" branch="false" />
                <line number="62" hits="1" branch="false" />
                <line number="64" hits="1" branch="false" />
                <line number="66" hits="1" branch="false" />
                <line number="67" hits="1" branch="false" />
                <line number="68" hits="1" branch="false" />
              </lines>
            </method>
          </methods>
          <lines>
            <line number="25" hits="9" branch="false" />
            <line number="26" hits="9" branch="false" />
            <line number="27" hits="9" branch="false" />
            <line number="28" hits="9" branch="false" />
            <line number="29" hits="9" branch="false" />
            <line number="30" hits="9" branch="false" />
            <line number="31" hits="9" branch="false" />
            <line number="32" hits="9" branch="false" />
            <line number="33" hits="9" branch="false" />
            <line number="34" hits="9" branch="false" />
            <line number="42" hits="8" branch="false" />
            <line number="43" hits="8" branch="false" />
            <line number="44" hits="8" branch="false" />
            <line number="46" hits="8" branch="false" />
            <line number="47" hits="8" branch="false" />
            <line number="48" hits="8" branch="false" />
            <line number="50" hits="8" branch="false" />
            <line number="51" hits="8" branch="false" />
            <line number="52" hits="8" branch="false" />
            <line number="60" hits="1" branch="false" />
            <line number="61" hits="1" branch="false" />
            <line number="62" hits="1" branch="false" />
            <line number="64" hits="1" branch="false" />
            <line number="66" hits="1" branch="false" />
            <line number="67" hits="1" branch="false" />
            <line number="68" hits="1" branch="false" />
            <line number="76" hits="3" branch="false" />
            <line number="78" hits="3" branch="false" />
            <line number="79" hits="3" branch="false" />
            <line number="80" hits="2" branch="false" />
            <line number="81" hits="1" branch="false" />
            <line number="82" hits="1" branch="false" />
            <line number="83" hits="1" branch="false" />
            <line number="84" hits="1" branch="false" />
            <line number="85" hits="3" branch="false" />
            <line number="89" hits="5" branch="false" />
            <line number="91" hits="5" branch="false" />
            <line number="92" hits="5" branch="false" />
            <line number="95" hits="5" branch="false" />
            <line number="97" hits="3" branch="true" condition-coverage="100% (2/2)" />
            <line number="98" hits="1" branch="false" />
            <line number="99" hits="1" branch="false" />
            <line number="100" hits="1" branch="false" />
            <line number="103" hits="2" branch="false" />
            <line number="105" hits="3" branch="false" />
            <line number="106" hits="3" branch="false" />
            <line number="107" hits="3" branch="false" />
            <line number="108" hits="3" branch="false" />
            <line number="110" hits="2" branch="false" />
          </lines>
        </class>
        <class name="GobanSource.Bus.Redis.RedisSyncBus`1" filename="/home/runner/work/redis-bus/redis-bus/src/GobanSource.Bus.Redis/RedisSyncBus.cs" line-rate="1" branch-rate="1" complexity="21">
          <methods>
            <method name="GetInstanceId" signature="()" line-rate="1" branch-rate="1" complexity="1">
              <lines>
                <line number="302" hits="3" branch="false" />
              </lines>
            </method>
            <method name=".ctor" signature="(StackExchange.Redis.IConnectionMultiplexer,System.String,System.String,Microsoft.Extensions.Logging.ILogger`1&lt;GobanSource.Bus.Redis.RedisSyncBus`1&lt;TMessage&gt;&gt;,System.Boolean)" line-rate="1" branch-rate="1" complexity="1">
              <lines>
                <line number="60" hits="32" branch="false" />
                <line number="61" hits="32" branch="false" />
                <line number="62" hits="32" branch="false" />
                <line number="63" hits="32" branch="false" />
                <line number="64" hits="32" branch="false" />
                <line number="65" hits="32" branch="false" />
                <line number="66" hits="32" branch="false" />
                <line number="67" hits="32" branch="false" />
                <line number="68" hits="32" branch="false" />
                <line number="69" hits="32" branch="false" />
                <line number="70" hits="32" branch="false" />
                <line number="71" hits="32" branch="false" />
                <line number="72" hits="32" branch="false" />
                <line number="73" hits="32" branch="false" />
                <line number="74" hits="32" branch="false" />
                <line number="75" hits="32" branch="false" />
              </lines>
            </method>
            <method name=".cctor" signature="()" line-rate="1" branch-rate="1" complexity="1">
              <lines>
                <line number="50" hits="1" branch="false" />
              </lines>
            </method>
            <method name="&lt;SubscribeAsync" signature="()" line-rate="1" branch-rate="1" complexity="10">
              <lines>
                <line number="167" hits="20" branch="false" />
                <line number="168" hits="20" branch="false" />
                <line number="169" hits="20" branch="false" />
                <line number="170" hits="21" branch="false" />
                <line number="171" hits="21" branch="false" />
                <line number="172" hits="20" branch="false" />
                <line number="173" hits="21" branch="false" />
                <line number="174" hits="20" branch="false" />
                <line number="175" hits="21" branch="false" />
                <line number="176" hits="20" branch="true" condition-coverage="100% (2/2)" />
                <line number="177" hits="18" branch="false" />
                <line number="178" hits="18" branch="false" />
                <line number="179" hits="21" branch="false" />
                <line number="180" hits="21" branch="false" />
                <line number="181" hits="18" branch="true" condition-coverage="100% (4/4)" />
                <line number="182" hits="18" branch="false" />
                <line number="183" hits="6" branch="false" />
                <line number="184" hits="21" branch="false" />
                <line number="185" hits="6" branch="false" />
                <line number="186" hits="6" branch="false" />
                <line number="187" hits="4" branch="false" />
                <line number="188" hits="4" branch="false" />
                <line number="189" hits="4" branch="false" />
                <line number="190" hits="4" branch="false" />
                <line number="191" hits="4" branch="false" />
                <line number="192" hits="4" branch="false" />
                <line number="193" hits="21" branch="false" />
                <line number="194" hits="12" branch="false" />
                <line number="195" hits="21" branch="false" />
                <line number="196" hits="12" branch="false" />
                <line number="197" hits="12" branch="false" />
                <line number="198" hits="16" branch="false" />
                <line number="199" hits="21" branch="false" />
                <line number="200" hits="2" branch="false" />
                <line number="201" hits="2" branch="false" />
                <line number="202" hits="21" branch="false" />
                <line number="203" hits="21" branch="false" />
                <line number="204" hits="16" branch="false" />
                <line number="205" hits="16" branch="false" />
                <line number="206" hits="21" branch="false" />
                <line number="207" hits="16" branch="false" />
                <line number="208" hits="21" branch="false" />
                <line number="209" hits="10" branch="false" />
                <line number="210" hits="10" branch="false" />
                <line number="211" hits="21" branch="false" />
                <line number="212" hits="21" branch="false" />
                <line number="213" hits="10" branch="true" condition-coverage="100% (2/2)" />
                <line number="214" hits="1" branch="false" />
                <line number="215" hits="1" branch="false" />
                <line number="216" hits="1" branch="false" />
                <line number="217" hits="1" branch="false" />
                <line number="218" hits="21" branch="false" />
                <line number="219" hits="21" branch="false" />
                <line number="220" hits="21" branch="false" />
                <line number="221" hits="9" branch="true" condition-coverage="100% (2/2)" />
                <line number="222" hits="8" branch="false" />
                <line number="223" hits="8" branch="false" />
                <line number="224" hits="8" branch="false" />
                <line number="225" hits="8" branch="false" />
                <line number="226" hits="8" branch="false" />
                <line number="227" hits="8" branch="false" />
                <line number="228" hits="8" branch="false" />
                <line number="229" hits="8" branch="false" />
                <line number="230" hits="8" branch="false" />
                <line number="231" hits="21" branch="false" />
                <line number="232" hits="1" branch="false" />
                <line number="233" hits="1" branch="false" />
                <line number="234" hits="1" branch="false" />
                <line number="235" hits="1" branch="false" />
                <line number="236" hits="9" branch="false" />
                <line number="237" hits="10" branch="false" />
                <line number="238" hits="10" branch="false" />
                <line number="239" hits="10" branch="false" />
                <line number="240" hits="10" branch="false" />
                <line number="241" hits="10" branch="false" />
                <line number="242" hits="41" branch="false" />
              </lines>
            </method>
            <method name="DisposeAsync" signature="()" line-rate="1" branch-rate="1" complexity="2">
              <lines>
                <line number="288" hits="12" branch="false" />
                <line number="289" hits="12" branch="true" condition-coverage="100% (2/2)" />
                <line number="290" hits="7" branch="false" />
                <line number="291" hits="7" branch="false" />
                <line number="292" hits="7" branch="false" />
                <line number="293" hits="12" branch="false" />
              </lines>
            </method>
            <method name="PublishAsync" signature="()" line-rate="1" branch-rate="1" complexity="2">
              <lines>
                <line number="88" hits="13" branch="false" />
                <line number="89" hits="13" branch="false" />
                <line number="91" hits="13" branch="false" />
                <line number="92" hits="13" branch="false" />
                <line number="93" hits="13" branch="false" />
                <line number="95" hits="13" branch="false" />
                <line number="96" hits="13" branch="false" />
                <line number="97" hits="13" branch="false" />
                <line number="99" hits="13" branch="false" />
                <line number="100" hits="13" branch="false" />
                <line number="101" hits="13" branch="false" />
                <line number="104" hits="13" branch="false" />
                <line number="107" hits="13" branch="true" condition-coverage="100% (2/2)" />
                <line number="108" hits="10" branch="false" />
                <line number="110" hits="10" branch="false" />
                <line number="111" hits="10" branch="false" />
                <line number="112" hits="10" branch="false" />
                <line number="113" hits="10" branch="false" />
                <line number="115" hits="10" branch="false" />
                <line number="116" hits="10" branch="false" />
                <line number="117" hits="10" branch="false" />
                <line number="119" hits="3" branch="false" />
                <line number="121" hits="3" branch="false" />
                <line number="122" hits="3" branch="false" />
                <line number="123" hits="3" branch="false" />
                <line number="124" hits="3" branch="false" />
                <line number="126" hits="13" branch="false" />
                <line number="127" hits="13" branch="false" />
                <line number="128" hits="13" branch="false" />
                <line number="129" hits="12" branch="false" />
                <line number="130" hits="12" branch="false" />
                <line number="131" hits="12" branch="false" />
                <line number="132" hits="1" branch="false" />
                <line number="133" hits="1" branch="false" />
                <line number="134" hits="1" branch="false" />
                <line number="135" hits="1" branch="false" />
                <line number="136" hits="1" branch="false" />
                <line number="138" hits="12" branch="false" />
              </lines>
            </method>
            <method name="SubscribeAsync" signature="()" line-rate="1" branch-rate="1" complexity="2">
              <lines>
                <line number="152" hits="22" branch="false" />
                <line number="153" hits="22" branch="true" condition-coverage="100% (2/2)" />
                <line number="154" hits="1" branch="false" />
                <line number="155" hits="1" branch="false" />
                <line number="158" hits="21" branch="false" />
                <line number="159" hits="21" branch="false" />
                <line number="160" hits="21" branch="false" />
                <line number="163" hits="21" branch="false" />
                <line number="164" hits="21" branch="false" />
                <line number="165" hits="21" branch="false" />
                <line number="166" hits="21" branch="false" />
                <line number="167" hits="20" branch="false" />
                <line number="168" hits="20" branch="false" />
                <line number="169" hits="20" branch="false" />
                <line number="170" hits="21" branch="false" />
                <line number="171" hits="21" branch="false" />
                <line number="172" hits="20" branch="false" />
                <line number="173" hits="21" branch="false" />
                <line number="174" hits="20" branch="false" />
                <line number="175" hits="21" branch="false" />
                <line number="176" hits="20" branch="true" condition-coverage="100% (2/2)" />
                <line number="177" hits="18" branch="false" />
                <line number="178" hits="18" branch="false" />
                <line number="179" hits="21" branch="false" />
                <line number="180" hits="21" branch="false" />
                <line number="181" hits="18" branch="true" condition-coverage="100% (4/4)" />
                <line number="182" hits="18" branch="false" />
                <line number="183" hits="6" branch="false" />
                <line number="184" hits="21" branch="false" />
                <line number="185" hits="6" branch="false" />
                <line number="186" hits="6" branch="false" />
                <line number="187" hits="4" branch="false" />
                <line number="188" hits="4" branch="false" />
                <line number="189" hits="4" branch="false" />
                <line number="190" hits="4" branch="false" />
                <line number="191" hits="4" branch="false" />
                <line number="192" hits="4" branch="false" />
                <line number="193" hits="21" branch="false" />
                <line number="194" hits="12" branch="false" />
                <line number="195" hits="21" branch="false" />
                <line number="196" hits="12" branch="false" />
                <line number="197" hits="12" branch="false" />
                <line number="198" hits="16" branch="false" />
                <line number="199" hits="21" branch="false" />
                <line number="200" hits="2" branch="false" />
                <line number="201" hits="2" branch="false" />
                <line number="202" hits="21" branch="false" />
                <line number="203" hits="21" branch="false" />
                <line number="204" hits="16" branch="false" />
                <line number="205" hits="16" branch="false" />
                <line number="206" hits="21" branch="false" />
                <line number="207" hits="16" branch="false" />
                <line number="208" hits="21" branch="false" />
                <line number="209" hits="10" branch="false" />
                <line number="210" hits="10" branch="false" />
                <line number="211" hits="21" branch="false" />
                <line number="212" hits="21" branch="false" />
                <line number="213" hits="10" branch="true" condition-coverage="100% (2/2)" />
                <line number="214" hits="1" branch="false" />
                <line number="215" hits="1" branch="false" />
                <line number="216" hits="1" branch="false" />
                <line number="217" hits="1" branch="false" />
                <line number="218" hits="21" branch="false" />
                <line number="219" hits="21" branch="false" />
                <line number="220" hits="21" branch="false" />
                <line number="221" hits="9" branch="true" condition-coverage="100% (2/2)" />
                <line number="222" hits="8" branch="false" />
                <line number="223" hits="8" branch="false" />
                <line number="224" hits="8" branch="false" />
                <line number="225" hits="8" branch="false" />
                <line number="226" hits="8" branch="false" />
                <line number="227" hits="8" branch="false" />
                <line number="228" hits="8" branch="false" />
                <line number="229" hits="8" branch="false" />
                <line number="230" hits="8" branch="false" />
                <line number="231" hits="21" branch="false" />
                <line number="232" hits="1" branch="false" />
                <line number="233" hits="1" branch="false" />
                <line number="234" hits="1" branch="false" />
                <line number="235" hits="1" branch="false" />
                <line number="236" hits="9" branch="false" />
                <line number="237" hits="10" branch="false" />
                <line number="238" hits="10" branch="false" />
                <line number="239" hits="10" branch="false" />
                <line number="240" hits="10" branch="false" />
                <line number="241" hits="10" branch="false" />
                <line number="242" hits="41" branch="false" />
                <line number="243" hits="20" branch="false" />
                <line number="244" hits="20" branch="false" />
                <line number="245" hits="20" branch="false" />
                <line number="246" hits="20" branch="false" />
                <line number="247" hits="1" branch="false" />
                <line number="248" hits="1" branch="false" />
                <line number="249" hits="1" branch="false" />
                <line number="250" hits="1" branch="false" />
                <line number="251" hits="1" branch="false" />
                <line number="253" hits="20" branch="false" />
              </lines>
            </method>
            <method name="UnsubscribeAsync" signature="()" line-rate="1" branch-rate="1" complexity="2">
              <lines>
                <line number="263" hits="10" branch="false" />
                <line number="264" hits="10" branch="true" condition-coverage="100% (2/2)" />
                <line number="265" hits="1" branch="false" />
                <line number="266" hits="1" branch="false" />
                <line number="270" hits="9" branch="false" />
                <line number="271" hits="9" branch="false" />
                <line number="272" hits="9" branch="false" />
                <line number="273" hits="8" branch="false" />
                <line number="275" hits="8" branch="false" />
                <line number="276" hits="1" branch="false" />
                <line number="277" hits="1" branch="false" />
                <line number="278" hits="1" branch="false" />
                <line number="279" hits="1" branch="false" />
                <line number="280" hits="1" branch="false" />
                <line number="282" hits="9" branch="false" />
              </lines>
            </method>
          </methods>
          <lines>
            <line number="50" hits="1" branch="false" />
            <line number="60" hits="32" branch="false" />
            <line number="61" hits="32" branch="false" />
            <line number="62" hits="32" branch="false" />
            <line number="63" hits="32" branch="false" />
            <line number="64" hits="32" branch="false" />
            <line number="65" hits="32" branch="false" />
            <line number="66" hits="32" branch="false" />
            <line number="67" hits="32" branch="false" />
            <line number="68" hits="32" branch="false" />
            <line number="69" hits="32" branch="false" />
            <line number="70" hits="32" branch="false" />
            <line number="71" hits="32" branch="false" />
            <line number="72" hits="32" branch="false" />
            <line number="73" hits="32" branch="false" />
            <line number="74" hits="32" branch="false" />
            <line number="75" hits="32" branch="false" />
            <line number="88" hits="13" branch="false" />
            <line number="89" hits="13" branch="false" />
            <line number="91" hits="13" branch="false" />
            <line number="92" hits="13" branch="false" />
            <line number="93" hits="13" branch="false" />
            <line number="95" hits="13" branch="false" />
            <line number="96" hits="13" branch="false" />
            <line number="97" hits="13" branch="false" />
            <line number="99" hits="13" branch="false" />
            <line number="100" hits="13" branch="false" />
            <line number="101" hits="13" branch="false" />
            <line number="104" hits="13" branch="false" />
            <line number="107" hits="13" branch="true" condition-coverage="100% (2/2)" />
            <line number="108" hits="10" branch="false" />
            <line number="110" hits="10" branch="false" />
            <line number="111" hits="10" branch="false" />
            <line number="112" hits="10" branch="false" />
            <line number="113" hits="10" branch="false" />
            <line number="115" hits="10" branch="false" />
            <line number="116" hits="10" branch="false" />
            <line number="117" hits="10" branch="false" />
            <line number="119" hits="3" branch="false" />
            <line number="121" hits="3" branch="false" />
            <line number="122" hits="3" branch="false" />
            <line number="123" hits="3" branch="false" />
            <line number="124" hits="3" branch="false" />
            <line number="126" hits="13" branch="false" />
            <line number="127" hits="13" branch="false" />
            <line number="128" hits="13" branch="false" />
            <line number="129" hits="12" branch="false" />
            <line number="130" hits="12" branch="false" />
            <line number="131" hits="12" branch="false" />
            <line number="132" hits="1" branch="false" />
            <line number="133" hits="1" branch="false" />
            <line number="134" hits="1" branch="false" />
            <line number="135" hits="1" branch="false" />
            <line number="136" hits="1" branch="false" />
            <line number="138" hits="12" branch="false" />
            <line number="152" hits="22" branch="false" />
            <line number="153" hits="22" branch="true" condition-coverage="100% (2/2)" />
            <line number="154" hits="1" branch="false" />
            <line number="155" hits="1" branch="false" />
            <line number="158" hits="21" branch="false" />
            <line number="159" hits="21" branch="false" />
            <line number="160" hits="21" branch="false" />
            <line number="163" hits="21" branch="false" />
            <line number="164" hits="21" branch="false" />
            <line number="165" hits="21" branch="false" />
            <line number="166" hits="21" branch="false" />
            <line number="167" hits="20" branch="false" />
            <line number="168" hits="20" branch="false" />
            <line number="169" hits="20" branch="false" />
            <line number="170" hits="21" branch="false" />
            <line number="171" hits="21" branch="false" />
            <line number="172" hits="20" branch="false" />
            <line number="173" hits="21" branch="false" />
            <line number="174" hits="20" branch="false" />
            <line number="175" hits="21" branch="false" />
            <line number="176" hits="20" branch="true" condition-coverage="100% (2/2)" />
            <line number="177" hits="18" branch="false" />
            <line number="178" hits="18" branch="false" />
            <line number="179" hits="21" branch="false" />
            <line number="180" hits="21" branch="false" />
            <line number="181" hits="18" branch="true" condition-coverage="100% (4/4)" />
            <line number="182" hits="18" branch="false" />
            <line number="183" hits="6" branch="false" />
            <line number="184" hits="21" branch="false" />
            <line number="185" hits="6" branch="false" />
            <line number="186" hits="6" branch="false" />
            <line number="187" hits="4" branch="false" />
            <line number="188" hits="4" branch="false" />
            <line number="189" hits="4" branch="false" />
            <line number="190" hits="4" branch="false" />
            <line number="191" hits="4" branch="false" />
            <line number="192" hits="4" branch="false" />
            <line number="193" hits="21" branch="false" />
            <line number="194" hits="12" branch="false" />
            <line number="195" hits="21" branch="false" />
            <line number="196" hits="12" branch="false" />
            <line number="197" hits="12" branch="false" />
            <line number="198" hits="16" branch="false" />
            <line number="199" hits="21" branch="false" />
            <line number="200" hits="2" branch="false" />
            <line number="201" hits="2" branch="false" />
            <line number="202" hits="21" branch="false" />
            <line number="203" hits="21" branch="false" />
            <line number="204" hits="16" branch="false" />
            <line number="205" hits="16" branch="false" />
            <line number="206" hits="21" branch="false" />
            <line number="207" hits="16" branch="false" />
            <line number="208" hits="21" branch="false" />
            <line number="209" hits="10" branch="false" />
            <line number="210" hits="10" branch="false" />
            <line number="211" hits="21" branch="false" />
            <line number="212" hits="21" branch="false" />
            <line number="213" hits="10" branch="true" condition-coverage="100% (2/2)" />
            <line number="214" hits="1" branch="false" />
            <line number="215" hits="1" branch="false" />
            <line number="216" hits="1" branch="false" />
            <line number="217" hits="1" branch="false" />
            <line number="218" hits="21" branch="false" />
            <line number="219" hits="21" branch="false" />
            <line number="220" hits="21" branch="false" />
            <line number="221" hits="9" branch="true" condition-coverage="100% (2/2)" />
            <line number="222" hits="8" branch="false" />
            <line number="223" hits="8" branch="false" />
            <line number="224" hits="8" branch="false" />
            <line number="225" hits="8" branch="false" />
            <line number="226" hits="8" branch="false" />
            <line number="227" hits="8" branch="false" />
            <line number="228" hits="8" branch="false" />
            <line number="229" hits="8" branch="false" />
            <line number="230" hits="8" branch="false" />
            <line number="231" hits="21" branch="false" />
            <line number="232" hits="1" branch="false" />
            <line number="233" hits="1" branch="false" />
            <line number="234" hits="1" branch="false" />
            <line number="235" hits="1" branch="false" />
            <line number="236" hits="9" branch="false" />
            <line number="237" hits="10" branch="false" />
            <line number="238" hits="10" branch="false" />
            <line number="239" hits="10" branch="false" />
            <line number="240" hits="10" branch="false" />
            <line number="241" hits="10" branch="false" />
            <line number="242" hits="41" branch="false" />
            <line number="243" hits="20" branch="false" />
            <line number="244" hits="20" branch="false" />
            <line number="245" hits="20" branch="false" />
            <line number="246" hits="20" branch="false" />
            <line number="247" hits="1" branch="false" />
            <line number="248" hits="1" branch="false" />
            <line number="249" hits="1" branch="false" />
            <line number="250" hits="1" branch="false" />
            <line number="251" hits="1" branch="false" />
            <line number="253" hits="20" branch="false" />
            <line number="263" hits="10" branch="false" />
            <line number="264" hits="10" branch="true" condition-coverage="100% (2/2)" />
            <line number="265" hits="1" branch="false" />
            <line number="266" hits="1" branch="false" />
            <line number="270" hits="9" branch="false" />
            <line number="271" hits="9" branch="false" />
            <line number="272" hits="9" branch="false" />
            <line number="273" hits="8" branch="false" />
            <line number="275" hits="8" branch="false" />
            <line number="276" hits="1" branch="false" />
            <line number="277" hits="1" branch="false" />
            <line number="278" hits="1" branch="false" />
            <line number="279" hits="1" branch="false" />
            <line number="280" hits="1" branch="false" />
            <line number="282" hits="9" branch="false" />
            <line number="288" hits="12" branch="false" />
            <line number="289" hits="12" branch="true" condition-coverage="100% (2/2)" />
            <line number="290" hits="7" branch="false" />
            <line number="291" hits="7" branch="false" />
            <line number="292" hits="7" branch="false" />
            <line number="293" hits="12" branch="false" />
            <line number="302" hits="3" branch="false" />
          </lines>
        </class>
      </classes>
    </package>
  </packages>
</coverage>