<?xml version="1.0" encoding="utf-8"?>
<!DOCTYPE coverage SYSTEM "http://cobertura.sourceforge.net/xml/coverage-04.dtd">
<coverage line-rate="0.996031746031746" branch-rate="1" lines-covered="251" lines-valid="252" branches-covered="26" branches-valid="26" complexity="37" version="0" timestamp="1763876741">
  <sources>
    <source>/home/runner/work/redis-bus/redis-bus/src/GobanSource.Bus.Redis/</source>
  </sources>
  <packages>
    <package name="GobanSource.Bus.Redis" line-rate="0.996031746031746" branch-rate="1" complexity="37">
      <classes>
        <class name="GobanSource.Bus.Redis.BaseMessage" filename="/home/runner/work/redis-bus/redis-bus/src/GobanSource.Bus.Redis/BaseMessage.cs" line-rate="1" branch-rate="1" complexity="3">
          <methods>
            <method name="get_MessageId" signature="()" line-rate="1" branch-rate="1" complexity="1">
              <lines>
                <line number="7" hits="106" branch="false" />
              </lines>
            </method>
            <method name="get_InstanceId" signature="()" line-rate="1" branch-rate="1" complexity="1">
              <lines>
                <line number="8" hits="172" branch="false" />
              </lines>
            </method>
            <method name="get_Timestamp" signature="()" line-rate="1" branch-rate="1" complexity="1">
              <lines>
                <line number="9" hits="103" branch="false" />
              </lines>
            </method>
          </methods>
          <lines>
            <line number="7" hits="106" branch="false" />
            <line number="8" hits="172" branch="false" />
            <line number="9" hits="103" branch="false" />
          </lines>
        </class>
        <class name="GobanSource.Bus.Redis.MessageSyncHostedService`1" filename="/home/runner/work/redis-bus/redis-bus/src/GobanSource.Bus.Redis/MessageSyncHostedService.cs" line-rate="1" branch-rate="1" complexity="6">
          <methods>
            <method name="TypedDeserializer" signature="(System.String)" line-rate="1" branch-rate="1" complexity="2">
              <lines>
                <line number="90" hits="5" branch="false" />
                <line number="92" hits="5" branch="false" />
                <line number="93" hits="5" branch="false" />
                <line number="96" hits="5" branch="false" />
                <line number="98" hits="3" branch="true" condition-coverage="100% (2/2)" />
                <line number="99" hits="1" branch="false" />
                <line number="100" hits="1" branch="false" />
                <line number="101" hits="1" branch="false" />
                <line number="104" hits="2" branch="false" />
                <line number="106" hits="3" branch="false" />
                <line number="107" hits="3" branch="false" />
                <line number="108" hits="3" branch="false" />
                <line number="109" hits="3" branch="false" />
                <line number="111" hits="2" branch="false" />
              </lines>
            </method>
            <method name=".ctor" signature="(GobanSource.Bus.Redis.IRedisSyncBus`1&lt;TMessage&gt;,GobanSource.Bus.Redis.IMessageHandler`1&lt;TMessage&gt;,Microsoft.Extensions.Logging.ILogger`1&lt;GobanSource.Bus.Redis.MessageSyncHostedService`1&lt;TMessage&gt;&gt;)" line-rate="1" branch-rate="1" complexity="1">
              <lines>
                <line number="25" hits="9" branch="false" />
                <line number="26" hits="9" branch="false" />
                <line number="27" hits="9" branch="false" />
                <line number="28" hits="9" branch="false" />
                <line number="29" hits="9" branch="false" />
                <line number="30" hits="9" branch="false" />
                <line number="31" hits="9" branch="false" />
                <line number="32" hits="9" branch="false" />
                <line number="33" hits="9" branch="false" />
                <line number="34" hits="9" branch="false" />
              </lines>
            </method>
            <method name="MessageHandler" signature="()" line-rate="1" branch-rate="1" complexity="1">
              <lines>
                <line number="77" hits="3" branch="false" />
                <line number="79" hits="3" branch="false" />
                <line number="80" hits="3" branch="false" />
                <line number="81" hits="2" branch="false" />
                <line number="82" hits="1" branch="false" />
                <line number="83" hits="1" branch="false" />
                <line number="84" hits="1" branch="false" />
                <line number="85" hits="1" branch="false" />
                <line number="86" hits="3" branch="false" />
              </lines>
            </method>
            <method name="StartAsync" signature="()" line-rate="1" branch-rate="1" complexity="1">
              <lines>
                <line number="42" hits="8" branch="false" />
                <line number="43" hits="8" branch="false" />
                <line number="44" hits="8" branch="false" />
                <line number="46" hits="8" branch="false" />
                <line number="47" hits="8" branch="false" />
                <line number="48" hits="8" branch="false" />
                <line number="49" hits="8" branch="false" />
                <line number="51" hits="8" branch="false" />
                <line number="52" hits="8" branch="false" />
                <line number="53" hits="8" branch="false" />
              </lines>
            </method>
            <method name="StopAsync" signature="()" line-rate="1" branch-rate="1" complexity="1">
              <lines>
                <line number="61" hits="1" branch="false" />
                <line number="62" hits="1" branch="false" />
                <line number="63" hits="1" branch="false" />
                <line number="65" hits="1" branch="false" />
                <line number="67" hits="1" branch="false" />
                <line number="68" hits="1" branch="false" />
                <line number="69" hits="1" branch="false" />
              </lines>
            </method>
          </methods>
          <lines>
            <line number="25" hits="9" branch="false" />
            <line number="26" hits="9" branch="false" />
            <line number="27" hits="9" branch="false" />
            <line number="28" hits="9" branch="false" />
            <line number="29" hits="9" branch="false" />
            <line number="30" hits="9" branch="false" />
            <line number="31" hits="9" branch="false" />
            <line number="32" hits="9" branch="false" />
            <line number="33" hits="9" branch="false" />
            <line number="34" hits="9" branch="false" />
            <line number="42" hits="8" branch="false" />
            <line number="43" hits="8" branch="false" />
            <line number="44" hits="8" branch="false" />
            <line number="46" hits="8" branch="false" />
            <line number="47" hits="8" branch="false" />
            <line number="48" hits="8" branch="false" />
            <line number="49" hits="8" branch="false" />
            <line number="51" hits="8" branch="false" />
            <line number="52" hits="8" branch="false" />
            <line number="53" hits="8" branch="false" />
            <line number="61" hits="1" branch="false" />
            <line number="62" hits="1" branch="false" />
            <line number="63" hits="1" branch="false" />
            <line number="65" hits="1" branch="false" />
            <line number="67" hits="1" branch="false" />
            <line number="68" hits="1" branch="false" />
            <line number="69" hits="1" branch="false" />
            <line number="77" hits="3" branch="false" />
            <line number="79" hits="3" branch="false" />
            <line number="80" hits="3" branch="false" />
            <line number="81" hits="2" branch="false" />
            <line number="82" hits="1" branch="false" />
            <line number="83" hits="1" branch="false" />
            <line number="84" hits="1" branch="false" />
            <line number="85" hits="1" branch="false" />
            <line number="86" hits="3" branch="false" />
            <line number="90" hits="5" branch="false" />
            <line number="92" hits="5" branch="false" />
            <line number="93" hits="5" branch="false" />
            <line number="96" hits="5" branch="false" />
            <line number="98" hits="3" branch="true" condition-coverage="100% (2/2)" />
            <line number="99" hits="1" branch="false" />
            <line number="100" hits="1" branch="false" />
            <line number="101" hits="1" branch="false" />
            <line number="104" hits="2" branch="false" />
            <line number="106" hits="3" branch="false" />
            <line number="107" hits="3" branch="false" />
            <line number="108" hits="3" branch="false" />
            <line number="109" hits="3" branch="false" />
            <line number="111" hits="2" branch="false" />
          </lines>
        </class>
        <class name="GobanSource.Bus.Redis.RedisSyncBus`1" filename="/home/runner/work/redis-bus/redis-bus/src/GobanSource.Bus.Redis/RedisSyncBus.cs" line-rate="1" branch-rate="1" complexity="27">
          <methods>
            <method name="GetInstanceId" signature="()" line-rate="1" branch-rate="1" complexity="1">
              <lines>
                <line number="340" hits="3" branch="false" />
              </lines>
            </method>
            <method name=".ctor" signature="(StackExchange.Redis.IConnectionMultiplexer,System.String,Microsoft.Extensions.Logging.ILogger`1&lt;GobanSource.Bus.Redis.RedisSyncBus`1&lt;TMessage&gt;&gt;,GobanSource.Bus.Redis.CompressionAlgo)" line-rate="1" branch-rate="1" complexity="1">
              <lines>
                <line number="49" hits="38" branch="false" />
                <line number="52" hits="1" branch="false" />
                <line number="54" hits="1" branch="false" />
                <line number="59" hits="38" branch="false" />
                <line number="60" hits="38" branch="false" />
                <line number="61" hits="38" branch="false" />
                <line number="62" hits="38" branch="false" />
                <line number="63" hits="38" branch="false" />
                <line number="64" hits="38" branch="false" />
                <line number="65" hits="38" branch="false" />
                <line number="66" hits="38" branch="false" />
                <line number="67" hits="38" branch="false" />
                <line number="68" hits="38" branch="false" />
                <line number="69" hits="38" branch="false" />
                <line number="70" hits="38" branch="false" />
                <line number="71" hits="38" branch="false" />
                <line number="72" hits="38" branch="false" />
              </lines>
            </method>
            <method name=".ctor" signature="(StackExchange.Redis.IConnectionMultiplexer,System.String,Microsoft.Extensions.Logging.ILogger`1&lt;GobanSource.Bus.Redis.RedisSyncBus`1&lt;TMessage&gt;&gt;,System.Boolean)" line-rate="1" branch-rate="1" complexity="2">
              <lines>
                <line number="83" hits="20" branch="true" condition-coverage="100% (2/2)" />
                <line number="84" hits="20" branch="false" />
                <line number="85" hits="20" branch="false" />
                <line number="86" hits="20" branch="false" />
              </lines>
            </method>
            <method name=".cctor" signature="()" line-rate="1" branch-rate="1" complexity="1">
              <lines>
                <line number="52" hits="1" branch="false" />
                <line number="54" hits="1" branch="false" />
              </lines>
            </method>
            <method name="&lt;SubscribeAsync" signature="()" line-rate="1" branch-rate="1" complexity="12">
              <lines>
                <line number="193" hits="23" branch="false" />
                <line number="194" hits="23" branch="false" />
                <line number="195" hits="23" branch="false" />
                <line number="196" hits="26" branch="false" />
                <line number="197" hits="26" branch="false" />
                <line number="198" hits="23" branch="false" />
                <line number="199" hits="26" branch="false" />
                <line number="200" hits="23" branch="false" />
                <line number="201" hits="26" branch="false" />
                <line number="202" hits="23" branch="true" condition-coverage="100% (2/2)" />
                <line number="203" hits="21" branch="false" />
                <line number="204" hits="21" branch="false" />
                <line number="205" hits="26" branch="false" />
                <line number="206" hits="26" branch="false" />
                <line number="207" hits="21" branch="true" condition-coverage="100% (4/4)" />
                <line number="208" hits="21" branch="false" />
                <line number="209" hits="7" branch="false" />
                <line number="210" hits="26" branch="false" />
                <line number="211" hits="7" branch="false" />
                <line number="212" hits="7" branch="false" />
                <line number="213" hits="5" branch="false" />
                <line number="214" hits="5" branch="false" />
                <line number="215" hits="5" branch="false" />
                <line number="216" hits="5" branch="false" />
                <line number="217" hits="5" branch="false" />
                <line number="218" hits="5" branch="false" />
                <line number="219" hits="14" branch="true" condition-coverage="100% (4/4)" />
                <line number="220" hits="14" branch="false" />
                <line number="221" hits="2" branch="false" />
                <line number="222" hits="26" branch="false" />
                <line number="223" hits="2" branch="false" />
                <line number="224" hits="2" branch="false" />
                <line number="225" hits="2" branch="false" />
                <line number="226" hits="2" branch="false" />
                <line number="227" hits="2" branch="false" />
                <line number="228" hits="2" branch="false" />
                <line number="229" hits="26" branch="false" />
                <line number="230" hits="12" branch="false" />
                <line number="231" hits="26" branch="false" />
                <line number="232" hits="12" branch="false" />
                <line number="233" hits="12" branch="false" />
                <line number="234" hits="19" branch="false" />
                <line number="235" hits="26" branch="false" />
                <line number="236" hits="2" branch="false" />
                <line number="237" hits="2" branch="false" />
                <line number="238" hits="26" branch="false" />
                <line number="239" hits="26" branch="false" />
                <line number="240" hits="19" branch="false" />
                <line number="241" hits="19" branch="false" />
                <line number="242" hits="26" branch="false" />
                <line number="243" hits="19" branch="false" />
                <line number="244" hits="26" branch="false" />
                <line number="245" hits="13" branch="false" />
                <line number="246" hits="13" branch="false" />
                <line number="247" hits="26" branch="false" />
                <line number="248" hits="26" branch="false" />
                <line number="249" hits="13" branch="true" condition-coverage="100% (2/2)" />
                <line number="250" hits="1" branch="false" />
                <line number="251" hits="1" branch="false" />
                <line number="252" hits="1" branch="false" />
                <line number="253" hits="1" branch="false" />
                <line number="254" hits="26" branch="false" />
                <line number="255" hits="26" branch="false" />
                <line number="256" hits="26" branch="false" />
                <line number="257" hits="12" branch="false" />
                <line number="258" hits="12" branch="false" />
                <line number="259" hits="12" branch="false" />
                <line number="260" hits="12" branch="false" />
                <line number="261" hits="12" branch="false" />
                <line number="262" hits="12" branch="false" />
                <line number="263" hits="10" branch="false" />
                <line number="264" hits="10" branch="false" />
                <line number="265" hits="10" branch="false" />
                <line number="266" hits="10" branch="false" />
                <line number="267" hits="10" branch="false" />
                <line number="268" hits="49" branch="false" />
              </lines>
            </method>
            <method name="DisposeAsync" signature="()" line-rate="1" branch-rate="1" complexity="2">
              <lines>
                <line number="326" hits="17" branch="false" />
                <line number="327" hits="17" branch="true" condition-coverage="100% (2/2)" />
                <line number="328" hits="8" branch="false" />
                <line number="329" hits="8" branch="false" />
                <line number="330" hits="8" branch="false" />
                <line number="331" hits="17" branch="false" />
              </lines>
            </method>
            <method name="PublishAsync" signature="()" line-rate="1" branch-rate="1" complexity="4">
              <lines>
                <line number="97" hits="14" branch="false" />
                <line number="98" hits="14" branch="false" />
                <line number="101" hits="14" branch="false" />
                <line number="102" hits="14" branch="false" />
                <line number="103" hits="14" branch="false" />
                <line number="105" hits="14" branch="false" />
                <line number="106" hits="14" branch="false" />
                <line number="107" hits="14" branch="false" />
                <line number="109" hits="14" branch="false" />
                <line number="110" hits="14" branch="false" />
                <line number="111" hits="14" branch="false" />
                <line number="114" hits="14" branch="false" />
                <line number="117" hits="14" branch="true" condition-coverage="100% (4/4)" />
                <line number="120" hits="10" branch="false" />
                <line number="121" hits="10" branch="false" />
                <line number="122" hits="10" branch="false" />
                <line number="123" hits="10" branch="false" />
                <line number="124" hits="10" branch="false" />
                <line number="126" hits="10" branch="false" />
                <line number="127" hits="10" branch="false" />
                <line number="128" hits="10" branch="false" />
                <line number="131" hits="1" branch="false" />
                <line number="132" hits="1" branch="false" />
                <line number="133" hits="1" branch="false" />
                <line number="135" hits="1" branch="false" />
                <line number="136" hits="1" branch="false" />
                <line number="137" hits="1" branch="false" />
                <line number="140" hits="3" branch="false" />
                <line number="141" hits="3" branch="false" />
                <line number="142" hits="3" branch="false" />
                <line number="143" hits="3" branch="false" />
                <line number="146" hits="14" branch="false" />
                <line number="147" hits="14" branch="false" />
                <line number="148" hits="14" branch="false" />
                <line number="149" hits="14" branch="false" />
                <line number="150" hits="13" branch="false" />
                <line number="151" hits="13" branch="false" />
                <line number="152" hits="13" branch="false" />
                <line number="153" hits="1" branch="false" />
                <line number="154" hits="1" branch="false" />
                <line number="155" hits="1" branch="false" />
                <line number="156" hits="1" branch="false" />
                <line number="157" hits="1" branch="false" />
                <line number="159" hits="13" branch="false" />
              </lines>
            </method>
            <method name="SubscribeAsync" signature="()" line-rate="1" branch-rate="1" complexity="2">
              <lines>
                <line number="174" hits="28" branch="false" />
                <line number="175" hits="28" branch="false" />
                <line number="177" hits="28" branch="false" />
                <line number="178" hits="28" branch="true" condition-coverage="100% (2/2)" />
                <line number="179" hits="2" branch="false" />
                <line number="180" hits="2" branch="false" />
                <line number="183" hits="26" branch="false" />
                <line number="184" hits="26" branch="false" />
                <line number="185" hits="26" branch="false" />
                <line number="188" hits="26" branch="false" />
                <line number="189" hits="26" branch="false" />
                <line number="190" hits="26" branch="false" />
                <line number="191" hits="26" branch="false" />
                <line number="192" hits="26" branch="false" />
                <line number="193" hits="23" branch="false" />
                <line number="194" hits="23" branch="false" />
                <line number="195" hits="23" branch="false" />
                <line number="196" hits="26" branch="false" />
                <line number="197" hits="26" branch="false" />
                <line number="198" hits="23" branch="false" />
                <line number="199" hits="26" branch="false" />
                <line number="200" hits="23" branch="false" />
                <line number="201" hits="26" branch="false" />
                <line number="202" hits="23" branch="true" condition-coverage="100% (2/2)" />
                <line number="203" hits="21" branch="false" />
                <line number="204" hits="21" branch="false" />
                <line number="205" hits="26" branch="false" />
                <line number="206" hits="26" branch="false" />
                <line number="207" hits="21" branch="true" condition-coverage="100% (4/4)" />
                <line number="208" hits="21" branch="false" />
                <line number="209" hits="7" branch="false" />
                <line number="210" hits="26" branch="false" />
                <line number="211" hits="7" branch="false" />
                <line number="212" hits="7" branch="false" />
                <line number="213" hits="5" branch="false" />
                <line number="214" hits="5" branch="false" />
                <line number="215" hits="5" branch="false" />
                <line number="216" hits="5" branch="false" />
                <line number="217" hits="5" branch="false" />
                <line number="218" hits="5" branch="false" />
                <line number="219" hits="14" branch="true" condition-coverage="100% (4/4)" />
                <line number="220" hits="14" branch="false" />
                <line number="221" hits="2" branch="false" />
                <line number="222" hits="26" branch="false" />
                <line number="223" hits="2" branch="false" />
                <line number="224" hits="2" branch="false" />
                <line number="225" hits="2" branch="false" />
                <line number="226" hits="2" branch="false" />
                <line number="227" hits="2" branch="false" />
                <line number="228" hits="2" branch="false" />
                <line number="229" hits="26" branch="false" />
                <line number="230" hits="12" branch="false" />
                <line number="231" hits="26" branch="false" />
                <line number="232" hits="12" branch="false" />
                <line number="233" hits="12" branch="false" />
                <line number="234" hits="19" branch="false" />
                <line number="235" hits="26" branch="false" />
                <line number="236" hits="2" branch="false" />
                <line number="237" hits="2" branch="false" />
                <line number="238" hits="26" branch="false" />
                <line number="239" hits="26" branch="false" />
                <line number="240" hits="19" branch="false" />
                <line number="241" hits="19" branch="false" />
                <line number="242" hits="26" branch="false" />
                <line number="243" hits="19" branch="false" />
                <line number="244" hits="26" branch="false" />
                <line number="245" hits="13" branch="false" />
                <line number="246" hits="13" branch="false" />
                <line number="247" hits="26" branch="false" />
                <line number="248" hits="26" branch="false" />
                <line number="249" hits="13" branch="true" condition-coverage="100% (2/2)" />
                <line number="250" hits="1" branch="false" />
                <line number="251" hits="1" branch="false" />
                <line number="252" hits="1" branch="false" />
                <line number="253" hits="1" branch="false" />
                <line number="254" hits="26" branch="false" />
                <line number="255" hits="26" branch="false" />
                <line number="256" hits="26" branch="false" />
                <line number="257" hits="12" branch="false" />
                <line number="258" hits="12" branch="false" />
                <line number="259" hits="12" branch="false" />
                <line number="260" hits="12" branch="false" />
                <line number="261" hits="12" branch="false" />
                <line number="262" hits="12" branch="false" />
                <line number="263" hits="10" branch="false" />
                <line number="264" hits="10" branch="false" />
                <line number="265" hits="10" branch="false" />
                <line number="266" hits="10" branch="false" />
                <line number="267" hits="10" branch="false" />
                <line number="268" hits="49" branch="false" />
                <line number="269" hits="25" branch="false" />
                <line number="270" hits="25" branch="false" />
                <line number="271" hits="25" branch="false" />
                <line number="272" hits="25" branch="false" />
                <line number="273" hits="1" branch="false" />
                <line number="274" hits="1" branch="false" />
                <line number="275" hits="1" branch="false" />
                <line number="276" hits="1" branch="false" />
                <line number="277" hits="1" branch="false" />
                <line number="279" hits="25" branch="false" />
                <line number="281" hits="28" branch="false" />
                <line number="282" hits="28" branch="false" />
                <line number="283" hits="28" branch="false" />
                <line number="284" hits="25" branch="false" />
              </lines>
            </method>
            <method name="UnsubscribeAsync" signature="()" line-rate="1" branch-rate="1" complexity="2">
              <lines>
                <line number="294" hits="15" branch="false" />
                <line number="295" hits="15" branch="false" />
                <line number="297" hits="15" branch="false" />
                <line number="298" hits="15" branch="true" condition-coverage="100% (2/2)" />
                <line number="299" hits="3" branch="false" />
                <line number="300" hits="3" branch="false" />
                <line number="302" hits="12" branch="false" />
                <line number="304" hits="12" branch="false" />
                <line number="305" hits="12" branch="false" />
                <line number="306" hits="12" branch="false" />
                <line number="307" hits="11" branch="false" />
                <line number="308" hits="11" branch="false" />
                <line number="309" hits="1" branch="false" />
                <line number="310" hits="1" branch="false" />
                <line number="311" hits="1" branch="false" />
                <line number="312" hits="1" branch="false" />
                <line number="313" hits="1" branch="false" />
                <line number="315" hits="11" branch="false" />
                <line number="317" hits="15" branch="false" />
                <line number="318" hits="15" branch="false" />
                <line number="319" hits="15" branch="false" />
                <line number="320" hits="14" branch="false" />
              </lines>
            </method>
          </methods>
          <lines>
            <line number="49" hits="38" branch="false" />
            <line number="52" hits="1" branch="false" />
            <line number="54" hits="1" branch="false" />
            <line number="59" hits="38" branch="false" />
            <line number="60" hits="38" branch="false" />
            <line number="61" hits="38" branch="false" />
            <line number="62" hits="38" branch="false" />
            <line number="63" hits="38" branch="false" />
            <line number="64" hits="38" branch="false" />
            <line number="65" hits="38" branch="false" />
            <line number="66" hits="38" branch="false" />
            <line number="67" hits="38" branch="false" />
            <line number="68" hits="38" branch="false" />
            <line number="69" hits="38" branch="false" />
            <line number="70" hits="38" branch="false" />
            <line number="71" hits="38" branch="false" />
            <line number="72" hits="38" branch="false" />
            <line number="83" hits="20" branch="true" condition-coverage="100% (2/2)" />
            <line number="84" hits="20" branch="false" />
            <line number="85" hits="20" branch="false" />
            <line number="86" hits="20" branch="false" />
            <line number="97" hits="14" branch="false" />
            <line number="98" hits="14" branch="false" />
            <line number="101" hits="14" branch="false" />
            <line number="102" hits="14" branch="false" />
            <line number="103" hits="14" branch="false" />
            <line number="105" hits="14" branch="false" />
            <line number="106" hits="14" branch="false" />
            <line number="107" hits="14" branch="false" />
            <line number="109" hits="14" branch="false" />
            <line number="110" hits="14" branch="false" />
            <line number="111" hits="14" branch="false" />
            <line number="114" hits="14" branch="false" />
            <line number="117" hits="14" branch="true" condition-coverage="100% (4/4)" />
            <line number="120" hits="10" branch="false" />
            <line number="121" hits="10" branch="false" />
            <line number="122" hits="10" branch="false" />
            <line number="123" hits="10" branch="false" />
            <line number="124" hits="10" branch="false" />
            <line number="126" hits="10" branch="false" />
            <line number="127" hits="10" branch="false" />
            <line number="128" hits="10" branch="false" />
            <line number="131" hits="1" branch="false" />
            <line number="132" hits="1" branch="false" />
            <line number="133" hits="1" branch="false" />
            <line number="135" hits="1" branch="false" />
            <line number="136" hits="1" branch="false" />
            <line number="137" hits="1" branch="false" />
            <line number="140" hits="3" branch="false" />
            <line number="141" hits="3" branch="false" />
            <line number="142" hits="3" branch="false" />
            <line number="143" hits="3" branch="false" />
            <line number="146" hits="14" branch="false" />
            <line number="147" hits="14" branch="false" />
            <line number="148" hits="14" branch="false" />
            <line number="149" hits="14" branch="false" />
            <line number="150" hits="13" branch="false" />
            <line number="151" hits="13" branch="false" />
            <line number="152" hits="13" branch="false" />
            <line number="153" hits="1" branch="false" />
            <line number="154" hits="1" branch="false" />
            <line number="155" hits="1" branch="false" />
            <line number="156" hits="1" branch="false" />
            <line number="157" hits="1" branch="false" />
            <line number="159" hits="13" branch="false" />
            <line number="174" hits="28" branch="false" />
            <line number="175" hits="28" branch="false" />
            <line number="177" hits="28" branch="false" />
            <line number="178" hits="28" branch="true" condition-coverage="100% (2/2)" />
            <line number="179" hits="2" branch="false" />
            <line number="180" hits="2" branch="false" />
            <line number="183" hits="26" branch="false" />
            <line number="184" hits="26" branch="false" />
            <line number="185" hits="26" branch="false" />
            <line number="188" hits="26" branch="false" />
            <line number="189" hits="26" branch="false" />
            <line number="190" hits="26" branch="false" />
            <line number="191" hits="26" branch="false" />
            <line number="192" hits="26" branch="false" />
            <line number="193" hits="23" branch="false" />
            <line number="194" hits="23" branch="false" />
            <line number="195" hits="23" branch="false" />
            <line number="196" hits="26" branch="false" />
            <line number="197" hits="26" branch="false" />
            <line number="198" hits="23" branch="false" />
            <line number="199" hits="26" branch="false" />
            <line number="200" hits="23" branch="false" />
            <line number="201" hits="26" branch="false" />
            <line number="202" hits="23" branch="true" condition-coverage="100% (2/2)" />
            <line number="203" hits="21" branch="false" />
            <line number="204" hits="21" branch="false" />
            <line number="205" hits="26" branch="false" />
            <line number="206" hits="26" branch="false" />
            <line number="207" hits="21" branch="true" condition-coverage="100% (4/4)" />
            <line number="208" hits="21" branch="false" />
            <line number="209" hits="7" branch="false" />
            <line number="210" hits="26" branch="false" />
            <line number="211" hits="7" branch="false" />
            <line number="212" hits="7" branch="false" />
            <line number="213" hits="5" branch="false" />
            <line number="214" hits="5" branch="false" />
            <line number="215" hits="5" branch="false" />
            <line number="216" hits="5" branch="false" />
            <line number="217" hits="5" branch="false" />
            <line number="218" hits="5" branch="false" />
            <line number="219" hits="14" branch="true" condition-coverage="100% (4/4)" />
            <line number="220" hits="14" branch="false" />
            <line number="221" hits="2" branch="false" />
            <line number="222" hits="26" branch="false" />
            <line number="223" hits="2" branch="false" />
            <line number="224" hits="2" branch="false" />
            <line number="225" hits="2" branch="false" />
            <line number="226" hits="2" branch="false" />
            <line number="227" hits="2" branch="false" />
            <line number="228" hits="2" branch="false" />
            <line number="229" hits="26" branch="false" />
            <line number="230" hits="12" branch="false" />
            <line number="231" hits="26" branch="false" />
            <line number="232" hits="12" branch="false" />
            <line number="233" hits="12" branch="false" />
            <line number="234" hits="19" branch="false" />
            <line number="235" hits="26" branch="false" />
            <line number="236" hits="2" branch="false" />
            <line number="237" hits="2" branch="false" />
            <line number="238" hits="26" branch="false" />
            <line number="239" hits="26" branch="false" />
            <line number="240" hits="19" branch="false" />
            <line number="241" hits="19" branch="false" />
            <line number="242" hits="26" branch="false" />
            <line number="243" hits="19" branch="false" />
            <line number="244" hits="26" branch="false" />
            <line number="245" hits="13" branch="false" />
            <line number="246" hits="13" branch="false" />
            <line number="247" hits="26" branch="false" />
            <line number="248" hits="26" branch="false" />
            <line number="249" hits="13" branch="true" condition-coverage="100% (2/2)" />
            <line number="250" hits="1" branch="false" />
            <line number="251" hits="1" branch="false" />
            <line number="252" hits="1" branch="false" />
            <line number="253" hits="1" branch="false" />
            <line number="254" hits="26" branch="false" />
            <line number="255" hits="26" branch="false" />
            <line number="256" hits="26" branch="false" />
            <line number="257" hits="12" branch="false" />
            <line number="258" hits="12" branch="false" />
            <line number="259" hits="12" branch="false" />
            <line number="260" hits="12" branch="false" />
            <line number="261" hits="12" branch="false" />
            <line number="262" hits="12" branch="false" />
            <line number="263" hits="10" branch="false" />
            <line number="264" hits="10" branch="false" />
            <line number="265" hits="10" branch="false" />
            <line number="266" hits="10" branch="false" />
            <line number="267" hits="10" branch="false" />
            <line number="268" hits="49" branch="false" />
            <line number="269" hits="25" branch="false" />
            <line number="270" hits="25" branch="false" />
            <line number="271" hits="25" branch="false" />
            <line number="272" hits="25" branch="false" />
            <line number="273" hits="1" branch="false" />
            <line number="274" hits="1" branch="false" />
            <line number="275" hits="1" branch="false" />
            <line number="276" hits="1" branch="false" />
            <line number="277" hits="1" branch="false" />
            <line number="279" hits="25" branch="false" />
            <line number="281" hits="28" branch="false" />
            <line number="282" hits="28" branch="false" />
            <line number="283" hits="28" branch="false" />
            <line number="284" hits="25" branch="false" />
            <line number="294" hits="15" branch="false" />
            <line number="295" hits="15" branch="false" />
            <line number="297" hits="15" branch="false" />
            <line number="298" hits="15" branch="true" condition-coverage="100% (2/2)" />
            <line number="299" hits="3" branch="false" />
            <line number="300" hits="3" branch="false" />
            <line number="302" hits="12" branch="false" />
            <line number="304" hits="12" branch="false" />
            <line number="305" hits="12" branch="false" />
            <line number="306" hits="12" branch="false" />
            <line number="307" hits="11" branch="false" />
            <line number="308" hits="11" branch="false" />
            <line number="309" hits="1" branch="false" />
            <line number="310" hits="1" branch="false" />
            <line number="311" hits="1" branch="false" />
            <line number="312" hits="1" branch="false" />
            <line number="313" hits="1" branch="false" />
            <line number="315" hits="11" branch="false" />
            <line number="317" hits="15" branch="false" />
            <line number="318" hits="15" branch="false" />
            <line number="319" hits="15" branch="false" />
            <line number="320" hits="14" branch="false" />
            <line number="326" hits="17" branch="false" />
            <line number="327" hits="17" branch="true" condition-coverage="100% (2/2)" />
            <line number="328" hits="8" branch="false" />
            <line number="329" hits="8" branch="false" />
            <line number="330" hits="8" branch="false" />
            <line number="331" hits="17" branch="false" />
            <line number="340" hits="3" branch="false" />
          </lines>
        </class>
        <class name="GobanSource.Bus.Redis.RedisSyncBusOptions" filename="/home/runner/work/redis-bus/redis-bus/src/GobanSource.Bus.Redis/RedisSyncBusOptions.cs" line-rate="0" branch-rate="1" complexity="1">
          <methods>
            <method name="get_ChannelPrefix" signature="()" line-rate="0" branch-rate="1" complexity="1">
              <lines>
                <line number="4" hits="0" branch="false" />
              </lines>
            </method>
          </methods>
          <lines>
            <line number="4" hits="0" branch="false" />
          </lines>
        </class>
      </classes>
    </package>
  </packages>
</coverage>